0 info it worked if it ends with ok
1 verbose cli [ '/usr/local/bin/node', '/usr/local/bin/npm', 'start' ]
2 info using npm@3.10.8
3 info using node@v7.0.0
4 verbose run-script [ 'prestart', 'start', 'poststart' ]
5 info lifecycle Angular@4.1.0~prestart: Angular@4.1.0
6 verbose lifecycle Angular@4.1.0~prestart: unsafe-perm in lifecycle true
7 verbose lifecycle Angular@4.1.0~prestart: PATH: /usr/local/lib/node_modules/npm/bin/node-gyp-bin:/var/www/html/heros/node_modules/.bin:/usr/local/sbin:/usr/local/bin:/usr/sbin:/usr/bin:/sbin:/bin:/usr/games:/usr/local/games
8 verbose lifecycle Angular@4.1.0~prestart: CWD: /var/www/html/heros
9 silly lifecycle Angular@4.1.0~prestart: Args: [ '-c', '' ]
10 silly lifecycle Angular@4.1.0~prestart: Returned: code: 0  signal: null
11 info lifecycle Angular@4.1.0~start: Angular@4.1.0
12 verbose lifecycle Angular@4.1.0~start: unsafe-perm in lifecycle true
13 verbose lifecycle Angular@4.1.0~start: PATH: /usr/local/lib/node_modules/npm/bin/node-gyp-bin:/var/www/html/heros/node_modules/.bin:/usr/local/sbin:/usr/local/bin:/usr/sbin:/usr/bin:/sbin:/bin:/usr/games:/usr/local/games
14 verbose lifecycle Angular@4.1.0~start: CWD: /var/www/html/heros
15 silly lifecycle Angular@4.1.0~start: Args: [ '-c', 'node index.js' ]
16 silly lifecycle Angular@4.1.0~start: Returned: code: 1  signal: null
17 info lifecycle Angular@4.1.0~start: Failed to exec start script
18 verbose stack Error: Angular@4.1.0 start: `node index.js`
18 verbose stack Exit status 1
18 verbose stack     at EventEmitter.<anonymous> (/usr/local/lib/node_modules/npm/lib/utils/lifecycle.js:255:16)
18 verbose stack     at emitTwo (events.js:106:13)
18 verbose stack     at EventEmitter.emit (events.js:191:7)
18 verbose stack     at ChildProcess.<anonymous> (/usr/local/lib/node_modules/npm/lib/utils/spawn.js:40:14)
18 verbose stack     at emitTwo (events.js:106:13)
18 verbose stack     at ChildProcess.emit (events.js:191:7)
18 verbose stack     at maybeClose (internal/child_process.js:877:16)
18 verbose stack     at Process.ChildProcess._handle.onexit (internal/child_process.js:226:5)
19 verbose pkgid Angular@4.1.0
20 verbose cwd /var/www/html/heros
21 error Linux 4.4.0-45-generic
22 error argv "/usr/local/bin/node" "/usr/local/bin/npm" "start"
23 error node v7.0.0
24 error npm  v3.10.8
25 error code ELIFECYCLE
26 error Angular@4.1.0 start: `node index.js`
26 error Exit status 1
27 error Failed at the Angular@4.1.0 start script 'node index.js'.
27 error Make sure you have the latest version of node.js and npm installed.
27 error If you do, this is most likely a problem with the Angular package,
27 error not with npm itself.
27 error Tell the author that this fails on your system:
27 error     node index.js
27 error You can get information on how to open an issue for this project with:
27 error     npm bugs Angular
27 error Or if that isn't available, you can get their info via:
27 error     npm owner ls Angular
27 error There is likely additional logging output above.
28 verbose exit [ 1, true ]
